[2024-05-22 05:12:47,535] <launcher> INFO  launcher - Initializing on Linux(5.10.102.1-microsoft-standard-WSL2), jre17(17.0.9)
[2024-05-22 05:12:47,538] <launcher> INFO  system - *** Running for the first time, creating identity ***
[2024-05-22 05:12:47,539] <launcher> INFO  system - UUID: e1fabbd7-bfcd-4889-a814-e27ead870da9
[2024-05-22 05:12:47,576] <launcher> INFO  system - Reporter UUID: c40a0e64-90ed-4bc4-9ab8-43f2d8730dfe
[2024-05-22 05:12:48,579] <launcher> INFO  tomcat - Adding basic REST API support during the startup
[2024-05-22 05:12:49,320] <launcher> INFO  system - Tomcat startup took 1325ms
[2024-05-22 05:12:49,343] <launcher> INFO  tomcat - Adding basic REST API support during the startup
[2024-05-22 05:12:56,157] <launcher> INFO  db     - Starting database service initialization...
[2024-05-22 05:12:56,158] <db-server> INFO  db     - Checking if database needs to be shut down
[2024-05-22 05:12:56,158] <launcher> INFO  db     - waiting for db connection...
[2024-05-22 05:12:57,323] <db-server> INFO  db     - Database was not running
[2024-05-22 05:12:57,324] <db-server> INFO  db     - Database configuration, dir=/usr/lib/unifi/data/db, port=27117
[2024-05-22 05:12:57,588] <db-server> INFO  db     - Starting database process...
[2024-05-22 05:12:57,610] <db-server> INFO  db     - 2024-05-22T05:12:57.610+0000 I STORAGE  [main] Engine custom option: cache_size=256M
[2024-05-22 05:12:57,659] <launcher> INFO  db     - Connecting to mongodb://localhost:27117
[2024-05-22 05:12:57,663] <launcher> INFO  db     - db connection established...
[2024-05-22 05:13:01,786] <launcher> INFO  db     - db connected (v3.6.8@mongodb://localhost:27117, journal enabled)
[2024-05-22 05:13:05,701] <launcher> INFO  db     - Database service initialized...
[2024-05-22 05:13:05,708] <launcher> INFO  system - ======================================================================
[2024-05-22 05:13:05,709] <launcher> INFO  system - UniFi 8.0.24 (build atag_8.0.24_24385 - release/release) is started
[2024-05-22 05:13:05,709] <launcher> INFO  system - Environment: UniFi-OS[false], UniFi-Cloud[false], UniFi-MongoService[false]
[2024-05-22 05:13:05,709] <launcher> INFO  system - ======================================================================
[2024-05-22 05:13:05,710] <launcher> INFO  system - BASE dir:/usr/lib/unifi
[2024-05-22 05:13:05,710] <launcher> INFO  system - Current System IP: 172.26.0.2
[2024-05-22 05:13:05,711] <launcher> INFO  system - Hostname: a1900c8a7597
[2024-05-22 05:13:05,711] <launcher> INFO  system - ubic.env: prod
[2024-05-22 05:13:08,956] <launcher> WARN  CustomConversions - Registering converter from class java.time.LocalDateTime to class org.joda.time.LocalDateTime as reading converter although it doesn't convert from a store-supported type; You might want to check your annotation setup at the converter implementation
[2024-05-22 05:13:13,219] <launcher> WARN  system - Country Code is not configured for Site with ID=664d7ee1fe8c794a579b8964
[2024-05-22 05:13:13,220] <launcher> WARN  system - Country Code is not configured for Site with ID=664d7ee1fe8c794a579b8964
[2024-05-22 05:13:13,713] <launcher> WARN  CustomConversions - Registering converter from class java.time.LocalDateTime to class org.joda.time.LocalDateTime as reading converter although it doesn't convert from a store-supported type; You might want to check your annotation setup at the converter implementation
[2024-05-22 05:13:19,069] <ModelLifecycleManager-startStop> WARN  dev    - failed to read /usr/lib/unifi/data/model_lifecycles.json - /usr/lib/unifi/data/model_lifecycles.json (No such file or directory)
[2024-05-22 05:13:20,946] <launcher> INFO  productinfo - Using controller channel=RELEASE, firmware channel=RELEASE. Available controller channels=[RELEASE], available firmware channels=[RELEASE]. SSO is disabled.
[2024-05-22 05:13:20,975] <launcher> INFO  tomcat - systemd: Watchdog ping NOT enabled
[2024-05-22 05:13:20,976] <launcher> INFO  tomcat - systemd: Startup completed. Ready for watchdog keep-alive checking.
[2024-05-22 05:13:20,991] <launcher> INFO  sdnotify - ubnt_sdnotify_jni is loaded from: /usr/lib/unifi/lib/native/Linux/x86_64/libubnt_sdnotify_jni.so
[2024-05-22 05:13:55,783] <launcher> INFO  launcher - Initializing on Linux(5.10.102.1-microsoft-standard-WSL2), jre17(17.0.9)
[2024-05-22 05:13:56,430] <launcher> INFO  tomcat - Adding basic REST API support during the startup
[2024-05-22 05:13:57,058] <launcher> INFO  system - Tomcat startup took 1050ms
[2024-05-22 05:13:57,084] <launcher> INFO  tomcat - Adding basic REST API support during the startup
[2024-05-22 05:14:02,888] <launcher> INFO  db     - Starting database service initialization...
[2024-05-22 05:14:02,889] <launcher> INFO  db     - waiting for db connection...
[2024-05-22 05:14:02,890] <db-server> INFO  db     - Checking if database needs to be shut down
[2024-05-22 05:14:03,984] <db-server> INFO  db     - Database was not running
[2024-05-22 05:14:03,985] <db-server> INFO  db     - Database configuration, dir=/usr/lib/unifi/data/db, port=27117
[2024-05-22 05:14:04,081] <db-server> INFO  db     - Starting database process...
[2024-05-22 05:14:04,101] <db-server> INFO  db     - 2024-05-22T05:14:04.101+0000 I STORAGE  [main] Engine custom option: cache_size=256M
[2024-05-22 05:14:04,391] <launcher> INFO  db     - Connecting to mongodb://localhost:27117
[2024-05-22 05:14:04,395] <launcher> INFO  db     - db connection established...
[2024-05-22 05:14:11,981] <launcher> INFO  db     - db connected (v3.6.8@mongodb://localhost:27117, journal enabled)
[2024-05-22 05:14:12,004] <launcher> INFO  db     - *** Factory Default *** Database exists. Clean it
[2024-05-22 05:14:12,774] <launcher> INFO  db     - Database service initialized...
[2024-05-22 05:14:12,783] <launcher> INFO  system - ======================================================================
[2024-05-22 05:14:12,783] <launcher> INFO  system - UniFi 8.0.24 (build atag_8.0.24_24385 - release/release) is started
[2024-05-22 05:14:12,784] <launcher> INFO  system - Environment: UniFi-OS[false], UniFi-Cloud[false], UniFi-MongoService[false]
[2024-05-22 05:14:12,784] <launcher> INFO  system - ======================================================================
[2024-05-22 05:14:12,784] <launcher> INFO  system - BASE dir:/usr/lib/unifi
[2024-05-22 05:14:12,784] <launcher> INFO  system - Current System IP: 172.27.0.2
[2024-05-22 05:14:12,785] <launcher> INFO  system - Hostname: 0577e3b8275f
[2024-05-22 05:14:12,785] <launcher> INFO  system - ubic.env: prod
[2024-05-22 05:14:16,031] <launcher> WARN  CustomConversions - Registering converter from class java.time.LocalDateTime to class org.joda.time.LocalDateTime as reading converter although it doesn't convert from a store-supported type; You might want to check your annotation setup at the converter implementation
[2024-05-22 05:14:17,485] <launcher> INFO  stat   - *** Factory Default *** Stat Database exists. Clean it
[2024-05-22 05:14:20,149] <launcher> WARN  system - Country Code is not configured for Site with ID=664d7f24db90a31374ddda02
[2024-05-22 05:14:20,151] <launcher> WARN  system - Country Code is not configured for Site with ID=664d7f24db90a31374ddda02
[2024-05-22 05:14:20,626] <launcher> WARN  CustomConversions - Registering converter from class java.time.LocalDateTime to class org.joda.time.LocalDateTime as reading converter although it doesn't convert from a store-supported type; You might want to check your annotation setup at the converter implementation
[2024-05-22 05:14:26,669] <launcher> INFO  productinfo - Using controller channel=RELEASE, firmware channel=RELEASE. Available controller channels=[RELEASE], available firmware channels=[RELEASE]. SSO is disabled.
[2024-05-22 05:14:26,692] <launcher> INFO  tomcat - systemd: Watchdog ping NOT enabled
[2024-05-22 05:14:26,693] <launcher> INFO  tomcat - systemd: Startup completed. Ready for watchdog keep-alive checking.
[2024-05-22 05:14:26,696] <launcher> INFO  sdnotify - ubnt_sdnotify_jni is loaded from: /usr/lib/unifi/lib/native/Linux/x86_64/libubnt_sdnotify_jni.so
[2024-05-22 05:16:19,744] <launcher> INFO  launcher - Initializing on Linux(5.10.102.1-microsoft-standard-WSL2), jre17(17.0.9)
[2024-05-22 05:16:20,330] <launcher> INFO  tomcat - Adding basic REST API support during the startup
[2024-05-22 05:16:20,935] <launcher> INFO  system - Tomcat startup took 990ms
[2024-05-22 05:16:20,956] <launcher> INFO  tomcat - Adding basic REST API support during the startup
[2024-05-22 05:16:27,071] <launcher> INFO  db     - Starting database service initialization...
[2024-05-22 05:16:27,073] <launcher> INFO  db     - waiting for db connection...
[2024-05-22 05:16:27,073] <db-server> INFO  db     - Checking if database needs to be shut down
[2024-05-22 05:16:28,190] <db-server> INFO  db     - Database was not running
[2024-05-22 05:16:28,192] <db-server> INFO  db     - Database configuration, dir=/usr/lib/unifi/data/db, port=27117
[2024-05-22 05:16:28,230] <db-server> INFO  db     - Starting database process...
[2024-05-22 05:16:28,250] <db-server> INFO  db     - 2024-05-22T05:16:28.250+0000 I STORAGE  [main] Engine custom option: cache_size=256M
[2024-05-22 05:16:28,575] <launcher> INFO  db     - Connecting to mongodb://localhost:27117
[2024-05-22 05:16:28,579] <launcher> INFO  db     - db connection established...
[2024-05-22 05:16:36,176] <launcher> INFO  db     - db connected (v3.6.8@mongodb://localhost:27117, journal enabled)
[2024-05-22 05:16:36,205] <launcher> INFO  db     - *** Factory Default *** Database exists. Clean it
[2024-05-22 05:16:37,290] <launcher> INFO  db     - Database service initialized...
[2024-05-22 05:16:37,308] <launcher> INFO  system - ======================================================================
[2024-05-22 05:16:37,309] <launcher> INFO  system - UniFi 8.0.24 (build atag_8.0.24_24385 - release/release) is started
[2024-05-22 05:16:37,310] <launcher> INFO  system - Environment: UniFi-OS[false], UniFi-Cloud[false], UniFi-MongoService[false]
[2024-05-22 05:16:37,310] <launcher> INFO  system - ======================================================================
[2024-05-22 05:16:37,311] <launcher> INFO  system - BASE dir:/usr/lib/unifi
[2024-05-22 05:16:37,312] <launcher> INFO  system - Current System IP: 172.28.0.2
[2024-05-22 05:16:37,313] <launcher> INFO  system - Hostname: 0543274bdea7
[2024-05-22 05:16:37,314] <launcher> INFO  system - ubic.env: prod
[2024-05-22 05:16:41,080] <launcher> WARN  CustomConversions - Registering converter from class java.time.LocalDateTime to class org.joda.time.LocalDateTime as reading converter although it doesn't convert from a store-supported type; You might want to check your annotation setup at the converter implementation
[2024-05-22 05:16:42,463] <launcher> INFO  stat   - *** Factory Default *** Stat Database exists. Clean it
[2024-05-22 05:16:45,760] <launcher> WARN  system - Country Code is not configured for Site with ID=664d7fb5e46e09088fe3c1d4
[2024-05-22 05:16:45,761] <launcher> WARN  system - Country Code is not configured for Site with ID=664d7fb5e46e09088fe3c1d4
[2024-05-22 05:16:46,326] <launcher> WARN  CustomConversions - Registering converter from class java.time.LocalDateTime to class org.joda.time.LocalDateTime as reading converter although it doesn't convert from a store-supported type; You might want to check your annotation setup at the converter implementation
[2024-05-22 05:16:51,727] <launcher> INFO  productinfo - Using controller channel=RELEASE, firmware channel=RELEASE. Available controller channels=[RELEASE], available firmware channels=[RELEASE]. SSO is disabled.
[2024-05-22 05:16:51,744] <launcher> INFO  tomcat - systemd: Watchdog ping NOT enabled
[2024-05-22 05:16:51,744] <launcher> INFO  tomcat - systemd: Startup completed. Ready for watchdog keep-alive checking.
[2024-05-22 05:16:51,751] <launcher> INFO  sdnotify - ubnt_sdnotify_jni is loaded from: /usr/lib/unifi/lib/native/Linux/x86_64/libubnt_sdnotify_jni.so
[2024-05-22 05:17:53,093] <autoupdate-check> INFO  productinfo - firmware[BZ2] new version (4.3.28.11361) is available
[2024-05-22 05:17:53,094] <autoupdate-check> INFO  productinfo - firmware[BZ2LR] new version (4.3.28.11361) is available
[2024-05-22 05:17:53,095] <autoupdate-check> INFO  productinfo - firmware[S216150] new version (7.0.50.15613) is available
[2024-05-22 05:17:53,096] <autoupdate-check> INFO  productinfo - firmware[S224250] new version (7.0.50.15613) is available
[2024-05-22 05:17:53,096] <autoupdate-check> INFO  productinfo - firmware[S224500] new version (7.0.50.15613) is available
[2024-05-22 05:17:53,096] <autoupdate-check> INFO  productinfo - firmware[S248500] new version (7.0.50.15613) is available
[2024-05-22 05:17:53,097] <autoupdate-check> INFO  productinfo - firmware[S248750] new version (7.0.50.15613) is available
[2024-05-22 05:17:53,097] <autoupdate-check> INFO  productinfo - firmware[S28150] new version (7.0.50.15613) is available
[2024-05-22 05:17:53,097] <autoupdate-check> INFO  productinfo - firmware[U2HSR] new version (4.3.28.11361) is available
[2024-05-22 05:17:53,098] <autoupdate-check> INFO  productinfo - firmware[U2IW] new version (4.3.28.11361) is available
[2024-05-22 05:17:53,098] <autoupdate-check> INFO  productinfo - firmware[U2Lv2] new version (4.3.28.11361) is available
[2024-05-22 05:17:53,098] <autoupdate-check> INFO  productinfo - firmware[U2O] new version (4.3.28.11361) is available
[2024-05-22 05:17:53,099] <autoupdate-check> INFO  productinfo - firmware[U2Sv2] new version (4.3.28.11361) is available
[2024-05-22 05:17:53,099] <autoupdate-check> INFO  productinfo - firmware[U5O] new version (4.3.28.11361) is available
[2024-05-22 05:17:53,099] <autoupdate-check> INFO  productinfo - firmware[U6ENT] new version (6.6.65.15248) is available
[2024-05-22 05:17:53,101] <autoupdate-check> INFO  productinfo - firmware[U6ENTIW] new version (6.6.65.15248) is available
[2024-05-22 05:17:53,102] <autoupdate-check> INFO  productinfo - firmware[U6EXT] new version (6.6.65.15248) is available
[2024-05-22 05:17:53,103] <autoupdate-check> INFO  productinfo - firmware[U6IW] new version (6.6.65.15248) is available
[2024-05-22 05:17:53,103] <autoupdate-check> INFO  productinfo - firmware[U6M] new version (6.6.65.15248) is available
[2024-05-22 05:17:53,104] <autoupdate-check> INFO  productinfo - firmware[U7EDU] new version (4.3.28.11361) is available
[2024-05-22 05:17:53,104] <autoupdate-check> INFO  productinfo - firmware[U7HD] new version (6.6.65.15248) is available
[2024-05-22 05:17:53,105] <autoupdate-check> INFO  productinfo - firmware[U7IW] new version (6.6.65.15248) is available
[2024-05-22 05:17:53,105] <autoupdate-check> INFO  productinfo - firmware[U7IWP] new version (4.3.28.11361) is available
[2024-05-22 05:17:53,105] <autoupdate-check> INFO  productinfo - firmware[U7LR] new version (6.6.65.15248) is available
[2024-05-22 05:17:53,106] <autoupdate-check> INFO  productinfo - firmware[U7LT] new version (6.6.65.15248) is available
[2024-05-22 05:17:53,106] <autoupdate-check> INFO  productinfo - firmware[U7MP] new version (6.6.65.15248) is available
[2024-05-22 05:17:53,106] <autoupdate-check> INFO  productinfo - firmware[U7MSH] new version (6.6.65.15248) is available
[2024-05-22 05:17:53,107] <autoupdate-check> INFO  productinfo - firmware[U7NHD] new version (6.6.65.15248) is available
[2024-05-22 05:17:53,107] <autoupdate-check> INFO  productinfo - firmware[U7P] new version (4.3.28.11361) is available
[2024-05-22 05:17:53,108] <autoupdate-check> INFO  productinfo - firmware[U7PG2] new version (6.6.65.15248) is available
[2024-05-22 05:17:53,108] <autoupdate-check> INFO  productinfo - firmware[U7PRO] new version (7.0.47.15571) is available
[2024-05-22 05:17:53,109] <autoupdate-check> INFO  productinfo - firmware[U7SHD] new version (6.6.65.15248) is available
[2024-05-22 05:17:53,109] <autoupdate-check> INFO  productinfo - firmware[U7UKU] new version (6.6.65.15248) is available
[2024-05-22 05:17:53,109] <autoupdate-check> INFO  productinfo - firmware[UAE6] new version (6.6.65.15248) is available
[2024-05-22 05:17:53,109] <autoupdate-check> INFO  productinfo - firmware[UAIW6] new version (6.6.65.15248) is available
[2024-05-22 05:17:53,110] <autoupdate-check> INFO  productinfo - firmware[UAL6] new version (6.6.65.15248) is available
[2024-05-22 05:17:53,110] <autoupdate-check> INFO  productinfo - firmware[UALR6] new version (6.6.65.15248) is available
[2024-05-22 05:17:53,110] <autoupdate-check> INFO  productinfo - firmware[UALR6v2] new version (6.6.65.15248) is available
[2024-05-22 05:17:53,111] <autoupdate-check> INFO  productinfo - firmware[UALRPL6] new version (6.6.65.15248) is available
[2024-05-22 05:17:53,111] <autoupdate-check> INFO  productinfo - firmware[UAM6] new version (6.6.65.15248) is available
[2024-05-22 05:17:53,112] <autoupdate-check> INFO  productinfo - firmware[UAP6MP] new version (6.6.65.15248) is available
[2024-05-22 05:17:53,112] <autoupdate-check> INFO  productinfo - firmware[UAPL6] new version (6.6.65.15248) is available
[2024-05-22 05:17:53,112] <autoupdate-check> INFO  productinfo - firmware[UBB] new version (3.1.0.192) is available
[2024-05-22 05:17:53,113] <autoupdate-check> INFO  productinfo - firmware[UBBXG] new version (1.1.3.100) is available
[2024-05-22 05:17:53,113] <autoupdate-check> INFO  productinfo - firmware[UCI] new version (1.3.2.342) is available
[2024-05-22 05:17:53,113] <autoupdate-check> INFO  productinfo - firmware[UCK] new version (1.1.19.f4a17b0) is available
[2024-05-22 05:17:53,114] <autoupdate-check> INFO  productinfo - firmware[UCKG2] new version (2.1.11.a7986ca) is available
[2024-05-22 05:17:53,114] <autoupdate-check> INFO  productinfo - firmware[UCKP] new version (2.1.11.a7986ca) is available
[2024-05-22 05:17:53,114] <autoupdate-check> INFO  productinfo - firmware[UCXG] new version (6.6.65.15248) is available
[2024-05-22 05:17:53,115] <autoupdate-check> INFO  productinfo - firmware[UDM] new version (1.12.30.4325) is available
[2024-05-22 05:17:53,115] <autoupdate-check> INFO  productinfo - firmware[UDMB] new version (6.6.65.15248) is available
[2024-05-22 05:17:53,115] <autoupdate-check> INFO  productinfo - firmware[UDMPRO] new version (1.12.30.4325) is available
[2024-05-22 05:17:53,115] <autoupdate-check> INFO  productinfo - firmware[UFLHD] new version (6.6.65.15248) is available
[2024-05-22 05:17:53,116] <autoupdate-check> INFO  productinfo - firmware[UGW3] new version (4.4.57.5578372) is available
[2024-05-22 05:17:53,116] <autoupdate-check> INFO  productinfo - firmware[UGW4] new version (4.4.57.5578372) is available
[2024-05-22 05:17:53,116] <autoupdate-check> INFO  productinfo - firmware[UGWXG] new version (4.4.57.5578378) is available
[2024-05-22 05:17:53,117] <autoupdate-check> INFO  productinfo - firmware[UHDIW] new version (6.6.65.15248) is available
[2024-05-22 05:17:53,117] <autoupdate-check> INFO  productinfo - firmware[ULTE] new version (6.6.68.15277) is available
[2024-05-22 05:17:53,118] <autoupdate-check> INFO  productinfo - firmware[ULTEPEU] new version (6.6.68.15277) is available
[2024-05-22 05:17:53,119] <autoupdate-check> INFO  productinfo - firmware[ULTEPUS] new version (6.6.68.15277) is available
[2024-05-22 05:17:53,120] <autoupdate-check> INFO  productinfo - firmware[UP1] new version (2.2.6.532) is available
[2024-05-22 05:17:53,120] <autoupdate-check> INFO  productinfo - firmware[UP6] new version (2.2.6.532) is available
[2024-05-22 05:17:53,120] <autoupdate-check> INFO  productinfo - firmware[US16P150] new version (7.0.50.15613) is available
[2024-05-22 05:17:53,121] <autoupdate-check> INFO  productinfo - firmware[US24] new version (7.0.50.15613) is available
[2024-05-22 05:17:53,121] <autoupdate-check> INFO  productinfo - firmware[US24P250] new version (7.0.50.15613) is available
[2024-05-22 05:17:53,121] <autoupdate-check> INFO  productinfo - firmware[US24P500] new version (7.0.50.15613) is available
[2024-05-22 05:17:53,121] <autoupdate-check> INFO  productinfo - firmware[US24PL2] new version (7.0.50.15613) is available
[2024-05-22 05:17:53,122] <autoupdate-check> INFO  productinfo - firmware[US24PRO] new version (7.0.50.15613) is available
[2024-05-22 05:17:53,122] <autoupdate-check> INFO  productinfo - firmware[US24PRO2] new version (7.0.50.15613) is available
[2024-05-22 05:17:53,122] <autoupdate-check> INFO  productinfo - firmware[US48] new version (7.0.50.15613) is available
[2024-05-22 05:17:53,122] <autoupdate-check> INFO  productinfo - firmware[US48P500] new version (7.0.50.15613) is available
[2024-05-22 05:17:53,123] <autoupdate-check> INFO  productinfo - firmware[US48P750] new version (7.0.50.15613) is available
[2024-05-22 05:17:53,123] <autoupdate-check> INFO  productinfo - firmware[US48PL2] new version (7.0.50.15613) is available
[2024-05-22 05:17:53,124] <autoupdate-check> INFO  productinfo - firmware[US48PRO] new version (7.0.50.15613) is available
[2024-05-22 05:17:53,124] <autoupdate-check> INFO  productinfo - firmware[US48PRO2] new version (7.0.50.15613) is available
[2024-05-22 05:17:53,125] <autoupdate-check> INFO  productinfo - firmware[US624P] new version (7.0.50.15613) is available
[2024-05-22 05:17:53,126] <autoupdate-check> INFO  productinfo - firmware[US648P] new version (7.0.50.15613) is available
[2024-05-22 05:17:53,126] <autoupdate-check> INFO  productinfo - firmware[US68P] new version (7.0.50.15613) is available
[2024-05-22 05:17:53,126] <autoupdate-check> INFO  productinfo - firmware[US6XG150] new version (7.0.50.15613) is available
[2024-05-22 05:17:53,127] <autoupdate-check> INFO  productinfo - firmware[US8] new version (7.0.50.15613) is available
[2024-05-22 05:17:53,127] <autoupdate-check> INFO  productinfo - firmware[US8P150] new version (7.0.50.15613) is available
[2024-05-22 05:17:53,127] <autoupdate-check> INFO  productinfo - firmware[US8P60] new version (7.0.50.15613) is available
[2024-05-22 05:17:53,128] <autoupdate-check> INFO  productinfo - firmware[USAGGPRO] new version (7.0.50.15613) is available
[2024-05-22 05:17:53,128] <autoupdate-check> INFO  productinfo - firmware[USC8] new version (7.0.50.15613) is available
[2024-05-22 05:17:53,128] <autoupdate-check> INFO  productinfo - firmware[USC8P450] new version (7.0.50.15613) is available
[2024-05-22 05:17:53,128] <autoupdate-check> INFO  productinfo - firmware[USF5P] new version (7.0.50.15613) is available
[2024-05-22 05:17:53,129] <autoupdate-check> INFO  productinfo - firmware[USFXG] new version (7.0.50.15613) is available
[2024-05-22 05:17:53,129] <autoupdate-check> INFO  productinfo - firmware[USL16LP] new version (7.0.50.15613) is available
[2024-05-22 05:17:53,129] <autoupdate-check> INFO  productinfo - firmware[USL16LPB] new version (7.0.50.15613) is available
[2024-05-22 05:17:53,129] <autoupdate-check> INFO  productinfo - firmware[USL16P] new version (7.0.50.15613) is available
[2024-05-22 05:17:53,130] <autoupdate-check> INFO  productinfo - firmware[USL16PB] new version (7.0.50.15613) is available
[2024-05-22 05:17:53,130] <autoupdate-check> INFO  productinfo - firmware[USL24] new version (7.0.50.15613) is available
[2024-05-22 05:17:53,130] <autoupdate-check> INFO  productinfo - firmware[USL24B] new version (7.0.50.15613) is available
[2024-05-22 05:17:53,130] <autoupdate-check> INFO  productinfo - firmware[USL24P] new version (7.0.50.15613) is available
[2024-05-22 05:17:53,131] <autoupdate-check> INFO  productinfo - firmware[USL24PB] new version (7.0.50.15613) is available
[2024-05-22 05:17:53,131] <autoupdate-check> INFO  productinfo - firmware[USL48] new version (7.0.50.15613) is available
[2024-05-22 05:17:53,131] <autoupdate-check> INFO  productinfo - firmware[USL48B] new version (7.0.50.15613) is available
[2024-05-22 05:17:53,131] <autoupdate-check> INFO  productinfo - firmware[USL48P] new version (7.0.50.15613) is available
[2024-05-22 05:17:53,132] <autoupdate-check> INFO  productinfo - firmware[USL48PB] new version (7.0.50.15613) is available
[2024-05-22 05:17:53,132] <autoupdate-check> INFO  productinfo - firmware[USL8A] new version (7.0.50.15613) is available
[2024-05-22 05:17:53,133] <autoupdate-check> INFO  productinfo - firmware[USL8LP] new version (7.0.50.15613) is available
[2024-05-22 05:17:53,133] <autoupdate-check> INFO  productinfo - firmware[USL8LPB] new version (7.0.50.15613) is available
[2024-05-22 05:17:53,134] <autoupdate-check> INFO  productinfo - firmware[USL8MP] new version (7.0.50.15613) is available
[2024-05-22 05:17:53,134] <autoupdate-check> INFO  productinfo - firmware[USLP8P] new version (7.0.50.15613) is available
[2024-05-22 05:17:53,134] <autoupdate-check> INFO  productinfo - firmware[USM8P] new version (1.1.11.834) is available
[2024-05-22 05:17:53,136] <autoupdate-check> INFO  productinfo - firmware[USM8P210] new version (1.1.11.834) is available
[2024-05-22 05:17:53,137] <autoupdate-check> INFO  productinfo - firmware[USM8P60] new version (1.1.11.834) is available
[2024-05-22 05:17:53,137] <autoupdate-check> INFO  productinfo - firmware[USMINI] new version (2.0.0.704) is available
[2024-05-22 05:17:53,137] <autoupdate-check> INFO  productinfo - firmware[USMINI2] new version (2.0.0.686) is available
[2024-05-22 05:17:53,138] <autoupdate-check> INFO  productinfo - firmware[USPM24] new version (7.0.50.15613) is available
[2024-05-22 05:17:53,138] <autoupdate-check> INFO  productinfo - firmware[USPM24P] new version (7.0.50.15613) is available
[2024-05-22 05:17:53,138] <autoupdate-check> INFO  productinfo - firmware[USPM48] new version (7.0.50.15613) is available
[2024-05-22 05:17:53,138] <autoupdate-check> INFO  productinfo - firmware[USPM48P] new version (7.0.50.15613) is available
[2024-05-22 05:17:53,139] <autoupdate-check> INFO  productinfo - firmware[USPPDUHD] new version (7.0.50.15613) is available
[2024-05-22 05:17:53,139] <autoupdate-check> INFO  productinfo - firmware[USPPDUP] new version (7.0.50.15613) is available
[2024-05-22 05:17:53,139] <autoupdate-check> INFO  productinfo - firmware[USPRPS] new version (7.0.50.15613) is available
[2024-05-22 05:17:53,140] <autoupdate-check> INFO  productinfo - firmware[USPRPSP] new version (7.0.44.15586) is available
[2024-05-22 05:17:53,140] <autoupdate-check> INFO  productinfo - firmware[USXG] new version (7.0.50.15613) is available
[2024-05-22 05:17:53,140] <autoupdate-check> INFO  productinfo - firmware[USXG24] new version (7.0.50.15613) is available
[2024-05-22 05:17:53,141] <autoupdate-check> INFO  productinfo - firmware[UX] new version (3.2.9.15151) is available
[2024-05-22 05:17:53,141] <autoupdate-check> INFO  productinfo - firmware[UXBSDM] new version (6.6.65.15248) is available
[2024-05-22 05:17:53,141] <autoupdate-check> INFO  productinfo - firmware[UXG] new version (3.2.15.14839) is available
[2024-05-22 05:17:53,141] <autoupdate-check> INFO  productinfo - firmware[UXGB] new version (3.2.15.14839) is available
[2024-05-22 05:17:53,142] <autoupdate-check> INFO  productinfo - firmware[UXGPRO] new version (1.13.8.4578) is available
[2024-05-22 05:17:53,142] <autoupdate-check> INFO  productinfo - firmware[UXGPROV2] new version (3.2.15.14839) is available
[2024-05-22 05:17:53,142] <autoupdate-check> INFO  productinfo - firmware[UXSDM] new version (6.6.65.15248) is available
[2024-05-22 05:17:56,691] <webapi-8> WARN  system - Country Code is not configured for Site with ID=664d7fb5e46e09088fe3c1d4
[2024-05-22 05:18:00,123] <pool-5-thread-1> INFO  AwsIotConnection - Connection successfully established
[2024-05-22 05:18:00,124] <pool-5-thread-1> INFO  AbstractAwsIotClient - Client connection active: 264edd9e-92bc-4940-a84c-2fe535c9b359
[2024-05-22 05:18:03,292] <webapi-8> INFO  productinfo - Using controller channel=RELEASE, firmware channel=RELEASE. Available controller channels=[RELEASE], available firmware channels=[RELEASE]. SSO is enabled.
[2024-05-22 05:18:05,914] <webapi-9> WARN  PageNotFound - No mapping for GET /fonts/UI_Sans_v8_Regular.eb36d6ff9c768a1639ca397b4dd84137.woff2
[2024-05-22 05:18:05,980] <webapi-8> WARN  PageNotFound - No mapping for GET /fonts/UI_Sans_v8_Bold.a04aa79f656e7d14d4034369feb4b217.woff2
[2024-05-22 05:18:06,097] <webapi-5> WARN  PageNotFound - No mapping for GET /fonts/Lato-Regular.bd03a2cc277bbbc338d464e679fe9942.woff2
[2024-05-22 05:18:06,097] <webapi-10> WARN  PageNotFound - No mapping for GET /fonts/Lato-Bold.cccb897485813c7c256901dbca54ecf2.woff2
[2024-05-22 05:18:06,148] <webapi-11> WARN  PageNotFound - No mapping for GET /fonts/Lato-Regular.27bd77b9162d388cb8d4c4217c7c5e2a.woff
[2024-05-22 05:18:06,149] <webapi-3> WARN  PageNotFound - No mapping for GET /fonts/Lato-Bold.d878b6c29b10beca227e9eef4246111b.woff
[2024-05-22 05:18:06,164] <webapi-9> WARN  PageNotFound - No mapping for GET /fonts/Lato-Regular.6d4e78225df0cfd5fe1bf3e8547fefe4.ttf
[2024-05-22 05:18:06,170] <webapi-7> WARN  PageNotFound - No mapping for GET /fonts/Lato-Bold.5b1b8b856d7a8cb1cb0bae6d0573f2e9.ttf
[2024-05-22 05:25:02,834] <launcher> INFO  launcher - Initializing on Linux(5.10.102.1-microsoft-standard-WSL2), jre17(17.0.9)
[2024-05-22 05:25:03,773] <launcher> INFO  tomcat - Adding basic REST API support during the startup
[2024-05-22 05:25:04,598] <launcher> INFO  system - Tomcat startup took 1348ms
[2024-05-22 05:25:04,623] <launcher> INFO  tomcat - Adding basic REST API support during the startup
[2024-05-22 05:25:10,340] <launcher> INFO  db     - Starting database service initialization...
[2024-05-22 05:25:10,341] <launcher> INFO  db     - waiting for db connection...
[2024-05-22 05:25:10,341] <db-server> INFO  db     - Checking if database needs to be shut down
[2024-05-22 05:25:11,437] <db-server> INFO  db     - Database was not running
[2024-05-22 05:25:11,439] <db-server> INFO  db     - Database configuration, dir=/usr/lib/unifi/data/db, port=27117
[2024-05-22 05:25:11,652] <db-server> INFO  db     - Starting database process...
[2024-05-22 05:25:11,671] <db-server> INFO  db     - 2024-05-22T05:25:11.670+0000 I STORAGE  [main] Engine custom option: cache_size=256M
[2024-05-22 05:25:11,842] <launcher> INFO  db     - Connecting to mongodb://localhost:27117
[2024-05-22 05:25:11,845] <launcher> INFO  db     - db connection established...
[2024-05-22 05:25:22,347] <launcher> INFO  db     - db connection established...
[2024-05-22 05:25:24,077] <launcher> INFO  db     - db connected (v3.6.8@mongodb://localhost:27117, journal enabled)
[2024-05-22 05:25:24,382] <launcher> INFO  db     - Database service initialized...
[2024-05-22 05:25:24,391] <launcher> INFO  system - ======================================================================
[2024-05-22 05:25:24,392] <launcher> INFO  system - UniFi 8.0.24 (build atag_8.0.24_24385 - release/release) is started
[2024-05-22 05:25:24,392] <launcher> INFO  system - Environment: UniFi-OS[false], UniFi-Cloud[false], UniFi-MongoService[false]
[2024-05-22 05:25:24,392] <launcher> INFO  system - ======================================================================
[2024-05-22 05:25:24,392] <launcher> INFO  system - BASE dir:/usr/lib/unifi
[2024-05-22 05:25:24,393] <launcher> INFO  system - Current System IP: 172.31.0.2
[2024-05-22 05:25:24,394] <launcher> INFO  system - Hostname: ce36246995c0
[2024-05-22 05:25:24,394] <launcher> INFO  system - ubic.env: prod
[2024-05-22 05:25:29,142] <launcher> WARN  CustomConversions - Registering converter from class java.time.LocalDateTime to class org.joda.time.LocalDateTime as reading converter although it doesn't convert from a store-supported type; You might want to check your annotation setup at the converter implementation
[2024-05-22 05:25:33,918] <launcher> WARN  CustomConversions - Registering converter from class java.time.LocalDateTime to class org.joda.time.LocalDateTime as reading converter although it doesn't convert from a store-supported type; You might want to check your annotation setup at the converter implementation
[2024-05-22 05:25:38,938] <launcher> INFO  productinfo - Using controller channel=RELEASE, firmware channel=RELEASE. Available controller channels=[RELEASE], available firmware channels=[RELEASE]. SSO is enabled.
[2024-05-22 05:25:39,220] <launcher> INFO  tomcat - systemd: Watchdog ping NOT enabled
[2024-05-22 05:25:39,221] <launcher> INFO  tomcat - systemd: Startup completed. Ready for watchdog keep-alive checking.
[2024-05-22 05:25:39,234] <launcher> INFO  sdnotify - ubnt_sdnotify_jni is loaded from: /usr/lib/unifi/lib/native/Linux/x86_64/libubnt_sdnotify_jni.so
[2024-05-22 05:25:43,169] <pool-5-thread-1> INFO  AwsIotConnection - Connection successfully established
[2024-05-22 05:25:43,170] <pool-5-thread-1> INFO  AbstractAwsIotClient - Client connection active: 264edd9e-92bc-4940-a84c-2fe535c9b359
[2024-05-22 05:26:32,992] <webapi-6> WARN  PageNotFound - No mapping for GET /fonts/UI_Sans_v8_Regular.eb36d6ff9c768a1639ca397b4dd84137.woff2
[2024-05-22 05:26:33,052] <webapi-4> WARN  PageNotFound - No mapping for GET /fonts/Lato-Regular.bd03a2cc277bbbc338d464e679fe9942.woff2
[2024-05-22 05:26:33,067] <webapi-6> WARN  PageNotFound - No mapping for GET /fonts/Lato-Regular.27bd77b9162d388cb8d4c4217c7c5e2a.woff
[2024-05-22 05:26:33,086] <webapi-7> WARN  PageNotFound - No mapping for GET /fonts/Lato-Regular.6d4e78225df0cfd5fe1bf3e8547fefe4.ttf
[2024-05-22 05:26:33,423] <webapi-5> WARN  PageNotFound - No mapping for GET /fonts/UI_Sans_v8_Bold.a04aa79f656e7d14d4034369feb4b217.woff2
[2024-05-22 05:26:33,624] <webapi-8> WARN  PageNotFound - No mapping for GET /fonts/Lato-Bold.cccb897485813c7c256901dbca54ecf2.woff2
[2024-05-22 05:26:33,645] <webapi-3> WARN  PageNotFound - No mapping for GET /fonts/Lato-Bold.d878b6c29b10beca227e9eef4246111b.woff
[2024-05-22 05:26:33,664] <webapi-7> WARN  PageNotFound - No mapping for GET /fonts/Lato-Bold.5b1b8b856d7a8cb1cb0bae6d0573f2e9.ttf
[2024-05-22 05:28:51,476] <webapi-10> WARN  PageNotFound - No mapping for GET /fonts/UI_Sans_v8_Bold.a04aa79f656e7d14d4034369feb4b217.woff2
[2024-05-22 05:28:51,476] <webapi-11> WARN  PageNotFound - No mapping for GET /fonts/UI_Sans_v8_Regular.eb36d6ff9c768a1639ca397b4dd84137.woff2
[2024-05-22 05:28:51,514] <webapi-7> WARN  PageNotFound - No mapping for GET /fonts/Lato-Regular.bd03a2cc277bbbc338d464e679fe9942.woff2
[2024-05-22 05:28:51,514] <webapi-13> WARN  PageNotFound - No mapping for GET /fonts/Lato-Bold.cccb897485813c7c256901dbca54ecf2.woff2
[2024-05-22 05:28:51,529] <webapi-10> WARN  PageNotFound - No mapping for GET /fonts/Lato-Bold.d878b6c29b10beca227e9eef4246111b.woff
[2024-05-22 05:28:51,529] <webapi-12> WARN  PageNotFound - No mapping for GET /fonts/Lato-Regular.27bd77b9162d388cb8d4c4217c7c5e2a.woff
[2024-05-22 05:28:51,549] <webapi-7> WARN  PageNotFound - No mapping for GET /fonts/Lato-Regular.6d4e78225df0cfd5fe1bf3e8547fefe4.ttf
[2024-05-22 05:28:51,549] <webapi-11> WARN  PageNotFound - No mapping for GET /fonts/Lato-Bold.5b1b8b856d7a8cb1cb0bae6d0573f2e9.ttf
[2024-05-22 05:28:58,712] <webapi-11> WARN  PageNotFound - No mapping for GET /fonts/UI_Sans_v8_Regular.eb36d6ff9c768a1639ca397b4dd84137.woff2
[2024-05-22 05:28:58,760] <webapi-15> WARN  PageNotFound - No mapping for GET /fonts/Lato-Regular.bd03a2cc277bbbc338d464e679fe9942.woff2
[2024-05-22 05:28:58,848] <webapi-13> WARN  PageNotFound - No mapping for GET /fonts/Lato-Regular.27bd77b9162d388cb8d4c4217c7c5e2a.woff
[2024-05-22 05:28:58,873] <webapi-10> WARN  PageNotFound - No mapping for GET /fonts/Lato-Regular.6d4e78225df0cfd5fe1bf3e8547fefe4.ttf
[2024-05-22 05:28:58,920] <webapi-12> WARN  PageNotFound - No mapping for GET /fonts/UI_Sans_v8_Bold.a04aa79f656e7d14d4034369feb4b217.woff2
[2024-05-22 05:28:58,939] <webapi-14> WARN  PageNotFound - No mapping for GET /fonts/Lato-Bold.cccb897485813c7c256901dbca54ecf2.woff2
[2024-05-22 05:28:58,956] <webapi-13> WARN  PageNotFound - No mapping for GET /fonts/Lato-Bold.d878b6c29b10beca227e9eef4246111b.woff
[2024-05-22 05:28:58,973] <webapi-10> WARN  PageNotFound - No mapping for GET /fonts/Lato-Bold.5b1b8b856d7a8cb1cb0bae6d0573f2e9.ttf
